\BOOKMARK [0][-]{chapter.1}{基本概念}{}% 1
\BOOKMARK [0][-]{chapter.2}{道路与回路}{}% 2
\BOOKMARK [1][-]{section.2.1}{道路与回路}{chapter.2}% 3
\BOOKMARK [1][-]{section.2.2}{道路与回路的判定}{chapter.2}% 4
\BOOKMARK [1][-]{section.2.3}{欧拉道路与回路}{chapter.2}% 5
\BOOKMARK [2][-]{subsection.2.3.1}{欧拉道路的引入}{section.2.3}% 6
\BOOKMARK [2][-]{subsection.2.3.2}{科学家的故事-莱昂哈德欧拉}{section.2.3}% 7
\BOOKMARK [1][-]{section.2.4}{哈密尔顿回路}{chapter.2}% 8
\BOOKMARK [2][-]{subsection.2.4.1}{哈密尔顿回路的引入}{section.2.4}% 9
\BOOKMARK [1][-]{section.2.5}{哈密尔顿回路的几个重要判定定理}{chapter.2}% 10
\BOOKMARK [1][-]{section.2.6}{坚韧度与哈密尔顿性}{chapter.2}% 11
\BOOKMARK [1][-]{section.2.7}{旅行商问题}{chapter.2}% 12
\BOOKMARK [2][-]{subsection.2.7.1}{旅行商问题}{section.2.7}% 13
\BOOKMARK [2][-]{subsection.2.7.2}{分支与界法}{section.2.7}% 14
\BOOKMARK [2][-]{subsection.2.7.3}{便宜算法}{section.2.7}% 15
\BOOKMARK [2][-]{subsection.2.7.4}{最短路径}{section.2.7}% 16
\BOOKMARK [2][-]{subsection.2.7.5}{最短路径-正权图}{section.2.7}% 17
\BOOKMARK [2][-]{subsection.2.7.6}{Dijkstra\(迪克斯特拉\)算法}{section.2.7}% 18
\BOOKMARK [2][-]{subsection.2.7.7}{边权为1 时v1 到各点的最短路}{section.2.7}% 19
\BOOKMARK [2][-]{subsection.2.7.8}{Ford算法}{section.2.7}% 20
\BOOKMARK [1][-]{section.2.8}{关键路径}{chapter.2}% 21
\BOOKMARK [2][-]{subsection.2.8.1}{PT图}{section.2.8}% 22
\BOOKMARK [2][-]{subsection.2.8.2}{PERT\(Programme evaluation and review technique\)图}{section.2.8}% 23
