\BOOKMARK [0][-]{chapter.1}{第一章}{}% 1
\BOOKMARK [0][-]{chapter.2}{第二章}{}% 2
\BOOKMARK [0][-]{chapter.3}{树}{}% 3
\BOOKMARK [1][-]{section.3.1}{树的有关定义}{chapter.3}% 4
\BOOKMARK [2][-]{subsection.3.1.1}{基本定义}{section.3.1}% 5
\BOOKMARK [2][-]{subsection.3.1.2}{树的等价性质}{section.3.1}% 6
\BOOKMARK [2][-]{subsection.3.1.3}{余树的概念}{section.3.1}% 7
\BOOKMARK [1][-]{section.3.2}{基本关联矩阵及其性质}{chapter.3}% 8
\BOOKMARK [1][-]{section.3.3}{支撑树的计数}{chapter.3}% 9
\BOOKMARK [2][-]{subsection.3.3.1}{支撑树的计数－有向连通图}{section.3.3}% 10
\BOOKMARK [2][-]{subsection.3.3.2}{含特定、不含特定边的计算方法}{section.3.3}% 11
\BOOKMARK [1][-]{section.3.4}{无向连通图支撑树的计数}{chapter.3}% 12
\BOOKMARK [1][-]{section.3.5}{有向连通图根树的计数}{chapter.3}% 13
\BOOKMARK [2][-]{subsection.3.5.1}{根树基本关联矩阵的性质和特点}{section.3.5}% 14
\BOOKMARK [2][-]{subsection.3.5.2}{根树的计算方法}{section.3.5}% 15
\BOOKMARK [2][-]{subsection.3.5.3}{含特定边、不含特定边的根树计算方法}{section.3.5}% 16
\BOOKMARK [1][-]{section.3.6}{回路矩阵与割集矩阵}{chapter.3}% 17
\BOOKMARK [2][-]{subsection.3.6.1}{回路矩阵及其性质}{section.3.6}% 18
\BOOKMARK [2][-]{subsection.3.6.2}{割集矩阵及其性质}{section.3.6}% 19
\BOOKMARK [2][-]{subsection.3.6.3}{基本割集矩阵的计算}{section.3.6}% 20
