\BOOKMARK [0][-]{chapter.1}{基本概念}{}% 1
\BOOKMARK [1][-]{section.1.1}{图论概述}{chapter.1}% 2
\BOOKMARK [1][-]{section.1.2}{图的基本概念及定义}{chapter.1}% 3
\BOOKMARK [1][-]{section.1.3}{图的代数表示}{chapter.1}% 4
\BOOKMARK [0][-]{chapter.2}{道路与回路}{}% 5
\BOOKMARK [1][-]{section.2.1}{道路与回路}{chapter.2}% 6
\BOOKMARK [1][-]{section.2.2}{道路与回路的判定}{chapter.2}% 7
\BOOKMARK [1][-]{section.2.3}{欧拉道路与回路}{chapter.2}% 8
\BOOKMARK [2][-]{subsection.2.3.1}{欧拉道路的引入}{section.2.3}% 9
\BOOKMARK [2][-]{subsection.2.3.2}{科学家的故事-莱昂哈德欧拉}{section.2.3}% 10
\BOOKMARK [1][-]{section.2.4}{哈密尔顿回路}{chapter.2}% 11
\BOOKMARK [2][-]{subsection.2.4.1}{哈密尔顿回路的引入}{section.2.4}% 12
\BOOKMARK [1][-]{section.2.5}{哈密尔顿回路的几个重要判定定理}{chapter.2}% 13
\BOOKMARK [1][-]{section.2.6}{坚韧度与哈密尔顿性}{chapter.2}% 14
\BOOKMARK [1][-]{section.2.7}{旅行商问题}{chapter.2}% 15
\BOOKMARK [2][-]{subsection.2.7.1}{旅行商问题}{section.2.7}% 16
\BOOKMARK [2][-]{subsection.2.7.2}{分支与界法}{section.2.7}% 17
\BOOKMARK [2][-]{subsection.2.7.3}{便宜算法}{section.2.7}% 18
\BOOKMARK [2][-]{subsection.2.7.4}{最短路径}{section.2.7}% 19
\BOOKMARK [2][-]{subsection.2.7.5}{最短路径-正权图}{section.2.7}% 20
\BOOKMARK [2][-]{subsection.2.7.6}{Dijkstra\(迪克斯特拉\)算法}{section.2.7}% 21
\BOOKMARK [2][-]{subsection.2.7.7}{边权为1 时v1 到各点的最短路}{section.2.7}% 22
\BOOKMARK [2][-]{subsection.2.7.8}{Ford算法}{section.2.7}% 23
\BOOKMARK [1][-]{section.2.8}{关键路径}{chapter.2}% 24
\BOOKMARK [2][-]{subsection.2.8.1}{PT图}{section.2.8}% 25
\BOOKMARK [2][-]{subsection.2.8.2}{PERT\(Programme evaluation and review technique\)图}{section.2.8}% 26
\BOOKMARK [0][-]{chapter.3}{树}{}% 27
\BOOKMARK [1][-]{section.3.1}{树的有关定义}{chapter.3}% 28
\BOOKMARK [2][-]{subsection.3.1.1}{基本定义}{section.3.1}% 29
\BOOKMARK [2][-]{subsection.3.1.2}{树的等价性质}{section.3.1}% 30
\BOOKMARK [2][-]{subsection.3.1.3}{余树的概念}{section.3.1}% 31
\BOOKMARK [1][-]{section.3.2}{基本关联矩阵及其性质}{chapter.3}% 32
\BOOKMARK [1][-]{section.3.3}{支撑树的计数}{chapter.3}% 33
\BOOKMARK [2][-]{subsection.3.3.1}{支撑树的计数－有向连通图}{section.3.3}% 34
\BOOKMARK [2][-]{subsection.3.3.2}{含特定、不含特定边的计算方法}{section.3.3}% 35
\BOOKMARK [1][-]{section.3.4}{无向连通图支撑树的计数}{chapter.3}% 36
\BOOKMARK [1][-]{section.3.5}{有向连通图根树的计数}{chapter.3}% 37
\BOOKMARK [2][-]{subsection.3.5.1}{根树基本关联矩阵的性质和特点}{section.3.5}% 38
\BOOKMARK [2][-]{subsection.3.5.2}{根树的计算方法}{section.3.5}% 39
\BOOKMARK [2][-]{subsection.3.5.3}{含特定边、不含特定边的根树计算方法}{section.3.5}% 40
\BOOKMARK [1][-]{section.3.6}{回路矩阵与割集矩阵}{chapter.3}% 41
\BOOKMARK [2][-]{subsection.3.6.1}{回路矩阵及其性质}{section.3.6}% 42
\BOOKMARK [2][-]{subsection.3.6.2}{割集矩阵及其性质}{section.3.6}% 43
\BOOKMARK [2][-]{subsection.3.6.3}{基本割集矩阵的计算}{section.3.6}% 44
